<?xml version="1.0" encoding="UTF-8"?>
<!-- Generated by org.testng.reporters.JUnitReportReporter -->
<testsuite skipped="0" hostname="rkottala-Inspiron-5537" name="com.techiesky.application.SimpleGetTest" tests="2" failures="0" timestamp="14 Apr 2018 02:44:20 GMT" time="2.137" errors="0">
  <testcase name="GetCarsDetails" time="0.068" classname="com.techiesky.application.SimpleGetTest"/>
  <testcase name="GetCarOneDetails" time="2.069" classname="com.techiesky.application.SimpleGetTest"/>
</testsuite> <!-- com.techiesky.application.SimpleGetTest -->
